<?xml version="1.0" encoding="UTF-8"?>
<!-- Generated by org.testng.reporters.JUnitReportReporter -->
<testsuite skipped="0" hostname="QAPLANET-PC" name="testngpack.testngcls" tests="2" failures="0" timestamp="14 Feb 2020 11:54:06 GMT" time="10.392" errors="0">
  <testcase name="f1" time="5.868" classname="testngpack.testngcls"/>
  <testcase name="f2" time="4.524" classname="testngpack.testngcls"/>
</testsuite> <!-- testngpack.testngcls -->
